2022-01-06 15:20:09.512 [main] INFO  discord4j.core.DiscordClientBuilder      : Discord4J 3.2.1 (https://discord4j.com)
2022-01-06 15:20:09.548 [main] DEBUG CoffeeFloppa                             : Debug Message!
2022-01-06 15:20:09.548 [main] INFO  CoffeeFloppa                             : Info Message!
2022-01-06 15:20:09.548 [main] WARN  CoffeeFloppa                             : Warn Message!
2022-01-06 15:20:09.548 [main] ERROR CoffeeFloppa                             : Error Message!
2022-01-06 15:20:09.606 [main] DEBUG discord4j.rest.request.RequestStream     : [B:a39dc574, R:4b4dd216] GET /gateway/bot
2022-01-06 15:20:10.250 [reactor-http-epoll-2] DEBUG discord4j.rest.request.RequestStream     : [B:a39dc574, R:4b4dd216] Read 200 OK in PT0.632486364S
2022-01-06 15:20:10.369 [reactor-http-epoll-2] DEBUG discord4j.rest.request.RequestStream     : [B:a39dc574] Ready to consume next request after onComplete
2022-01-06 15:20:10.490 [boundedElastic-1] DEBUG discord4j.rest.request.RequestStream     : [B:a39dc574, R:3ffdf980] GET /gateway/bot
2022-01-06 15:20:10.629 [reactor-http-epoll-2] DEBUG discord4j.rest.request.RequestStream     : [B:a39dc574, R:3ffdf980] Read 200 OK in PT0.138276129S
2022-01-06 15:20:10.629 [reactor-http-epoll-2] DEBUG discord4j.rest.request.RequestStream     : [B:a39dc574, R:3ffdf980] Delaying next request by PT4.582S
2022-01-06 15:20:10.661 [boundedElastic-1] DEBUG discord4j.core.shard.GatewayBootstrap    : [G:4331a644, S:0] Acquiring gateway endpoint
2022-01-06 15:20:10.662 [boundedElastic-1] DEBUG discord4j.rest.request.RequestStream     : [B:db1ee72c, R:73e8f62a, G:4331a644, S:0] GET /gateway
2022-01-06 15:20:10.703 [reactor-http-epoll-2] DEBUG discord4j.rest.request.RequestStream     : [B:db1ee72c, R:73e8f62a, G:4331a644, S:0] Read 200 OK in PT0.040964506S
2022-01-06 15:20:10.703 [reactor-http-epoll-2] DEBUG discord4j.rest.request.RequestStream     : [B:db1ee72c] Ready to consume next request after onComplete
2022-01-06 15:20:11.002 [d4j-parallel-1-5] DEBUG discord4j.gateway.DefaultGatewayClient   : [G:4331a644, S:0] Sending heartbeat PT0S after last ACK
2022-01-06 15:20:11.005 [reactor-http-epoll-3] DEBUG discord4j.gateway.DefaultGatewayClient   : [G:4331a644, S:0] Identifying to Gateway
2022-01-06 15:20:11.136 [reactor-http-epoll-3] DEBUG discord4j.gateway.DefaultGatewayClient   : [G:4331a644, S:0] Heartbeat acknowledged after PT0.134120942S
2022-01-06 15:20:11.388 [reactor-http-epoll-3] INFO  discord4j.gateway.DefaultGatewayClient   : [G:4331a644, S:0] Connected to Gateway
2022-01-06 15:20:11.391 [reactor-http-epoll-3] INFO  d.core.shard.LocalShardCoordinator       : [G:4331a644, S:0] Shard connected
2022-01-06 15:20:11.397 [boundedElastic-1] DEBUG d.core.event.DefaultEventDispatcher      : Subscription 77e206b8 to ReadyEvent created
2022-01-06 15:20:11.398 [boundedElastic-1] DEBUG d.core.event.DefaultEventDispatcher      : Subscription 6249a746 to MessageCreateEvent created
2022-01-06 15:20:11.401 [d4j-events-1] ERROR CoffeeFloppa                             : Logged in as issue bingus#8550
2022-01-06 15:20:15.212 [d4j-parallel-1-3] DEBUG discord4j.rest.request.RequestStream     : [B:a39dc574] Ready to consume next request after onComplete
2022-01-06 15:20:30.679 [main] INFO  discord4j.core.DiscordClientBuilder      : Discord4J 3.2.1 (https://discord4j.com)
2022-01-06 15:20:30.715 [main] INFO  CoffeeFloppa                             : Info Message!
2022-01-06 15:20:30.715 [main] WARN  CoffeeFloppa                             : Warn Message!
2022-01-06 15:20:30.715 [main] ERROR CoffeeFloppa                             : Error Message!
2022-01-06 15:20:32.569 [reactor-http-epoll-3] INFO  discord4j.gateway.DefaultGatewayClient   : [G:30fb07ce, S:0] Connected to Gateway
2022-01-06 15:20:32.571 [reactor-http-epoll-3] INFO  d.core.shard.LocalShardCoordinator       : [G:30fb07ce, S:0] Shard connected
2022-01-06 15:20:32.581 [d4j-events-1] ERROR CoffeeFloppa                             : Logged in as issue bingus#8550
2022-01-06 15:22:28.159 [main] INFO  discord4j.core.DiscordClientBuilder      : Discord4J 3.2.1 (https://discord4j.com)
2022-01-06 15:22:29.849 [reactor-http-epoll-3] INFO  discord4j.gateway.DefaultGatewayClient   : [G:5fe16514, S:0] Connected to Gateway
2022-01-06 15:22:29.851 [reactor-http-epoll-3] INFO  d.core.shard.LocalShardCoordinator       : [G:5fe16514, S:0] Shard connected
2022-01-06 15:22:29.860 [d4j-events-1] INFO  CoffeeFloppa                             : Logged in as issue bingus#8550
2022-01-06 15:22:41.575 [d4j-events-2] INFO  CoffeeFloppa                             : -1
2022-01-06 15:22:41.582 [d4j-events-2] WARN  discord4j.core.event.EventDispatcher     : [S:0] Error while handling MessageCreateEvent
java.lang.IndexOutOfBoundsException: Index: -1 Size: 2
	at java.base/java.util.ImmutableCollections$AbstractImmutableList.outOfBounds(ImmutableCollections.java:333)
	at java.base/java.util.ImmutableCollections$List12.get(ImmutableCollections.java:585)
	at net.htmlcsjs.coffeeFloppa.commands.CustomCommand.execute(CustomCommand.java:28)
	at net.htmlcsjs.coffeeFloppa.MessageHandler.lambda$normal$0(MessageHandler.java:19)
	at reactor.core.publisher.MonoFlatMap$FlatMapMain.onNext(MonoFlatMap.java:125)
	at reactor.core.publisher.FluxMap$MapSubscriber.onNext(FluxMap.java:120)
	at reactor.core.publisher.FluxSwitchIfEmpty$SwitchIfEmptySubscriber.onNext(FluxSwitchIfEmpty.java:74)
	at reactor.core.publisher.FluxMapFuseable$MapFuseableSubscriber.onNext(FluxMapFuseable.java:127)
	at reactor.core.publisher.Operators$ScalarSubscription.request(Operators.java:2398)
	at reactor.core.publisher.FluxMapFuseable$MapFuseableSubscriber.request(FluxMapFuseable.java:169)
	at reactor.core.publisher.Operators$MultiSubscriptionSubscriber.set(Operators.java:2194)
	at reactor.core.publisher.Operators$MultiSubscriptionSubscriber.onSubscribe(Operators.java:2068)
	at reactor.core.publisher.FluxMapFuseable$MapFuseableSubscriber.onSubscribe(FluxMapFuseable.java:96)
	at reactor.core.publisher.MonoJust.subscribe(MonoJust.java:55)
	at reactor.core.publisher.FluxFromMonoOperator.subscribe(FluxFromMonoOperator.java:83)
	at reactor.core.publisher.FluxDefer.subscribe(FluxDefer.java:54)
	at reactor.core.publisher.Flux.subscribe(Flux.java:8469)
	at reactor.core.publisher.FluxFlatMap$FlatMapMain.onNext(FluxFlatMap.java:426)
	at reactor.core.publisher.FluxDoFinally$DoFinallySubscriber.onNext(FluxDoFinally.java:130)
	at reactor.core.publisher.FluxPeekFuseable$PeekFuseableSubscriber.onNext(FluxPeekFuseable.java:210)
	at reactor.core.publisher.FluxHandleFuseable$HandleFuseableSubscriber.tryOnNext(FluxHandleFuseable.java:125)
	at reactor.core.publisher.FluxMapFuseable$MapFuseableConditionalSubscriber.tryOnNext(FluxMapFuseable.java:311)
	at reactor.core.publisher.FluxFilterFuseable$FilterFuseableConditionalSubscriber.tryOnNext(FluxFilterFuseable.java:367)
	at reactor.core.publisher.FluxPublishOn$PublishOnConditionalSubscriber.runAsync(FluxPublishOn.java:992)
	at reactor.core.publisher.FluxPublishOn$PublishOnConditionalSubscriber.run(FluxPublishOn.java:1067)
	at reactor.scheduler.forkjoin.ForkJoinPoolScheduler$DisposableWorkerTask.run(ForkJoinPoolScheduler.java:443)
	at reactor.scheduler.forkjoin.ForkJoinPoolScheduler$Worker.processTaskQueue(ForkJoinPoolScheduler.java:407)
	at java.base/java.util.concurrent.ForkJoinTask$RunnableExecuteAction.exec(ForkJoinTask.java:1395)
	at java.base/java.util.concurrent.ForkJoinTask.doExec(ForkJoinTask.java:373)
	at java.base/java.util.concurrent.ForkJoinPool$WorkQueue.topLevelExec(ForkJoinPool.java:1182)
	at java.base/java.util.concurrent.ForkJoinPool.scan(ForkJoinPool.java:1655)
	at java.base/java.util.concurrent.ForkJoinPool.runWorker(ForkJoinPool.java:1622)
	at java.base/java.util.concurrent.ForkJoinWorkerThread.run(ForkJoinWorkerThread.java:165)
2022-01-06 15:23:09.743 [main] INFO  discord4j.core.DiscordClientBuilder      : Discord4J 3.2.1 (https://discord4j.com)
2022-01-06 15:23:11.684 [reactor-http-epoll-3] INFO  discord4j.gateway.DefaultGatewayClient   : [G:65e1746, S:0] Connected to Gateway
2022-01-06 15:23:11.687 [reactor-http-epoll-3] INFO  d.core.shard.LocalShardCoordinator       : [G:65e1746, S:0] Shard connected
2022-01-06 15:23:11.697 [d4j-events-1] INFO  CoffeeFloppa                             : Logged in as issue bingus#8550
2022-01-06 15:23:15.222 [d4j-events-2] INFO  CoffeeFloppa                             : 1
2022-01-06 15:23:20.088 [d4j-events-1] INFO  CoffeeFloppa                             : 0
2022-01-06 15:46:16.667 [main] INFO  discord4j.core.DiscordClientBuilder      : Discord4J 3.2.1 (https://discord4j.com)
2022-01-06 15:46:18.647 [reactor-http-epoll-3] INFO  discord4j.gateway.DefaultGatewayClient   : [G:7db1e9b0, S:0] Connected to Gateway
2022-01-06 15:46:18.649 [reactor-http-epoll-3] INFO  d.core.shard.LocalShardCoordinator       : [G:7db1e9b0, S:0] Shard connected
2022-01-06 15:46:18.659 [d4j-events-1] INFO  CoffeeFloppa                             : Logged in as issue bingus#8550
2022-01-06 16:02:04.465 [main] INFO  discord4j.core.DiscordClientBuilder      : Discord4J 3.2.1 (https://discord4j.com)
2022-01-06 16:02:06.281 [reactor-http-epoll-3] INFO  discord4j.gateway.DefaultGatewayClient   : [G:5fe16514, S:0] Connected to Gateway
2022-01-06 16:02:06.284 [reactor-http-epoll-3] INFO  d.core.shard.LocalShardCoordinator       : [G:5fe16514, S:0] Shard connected
2022-01-06 16:02:06.294 [d4j-events-1] INFO  CoffeeFloppa                             : Logged in as issue bingus#8550
